<?xml version="1.0" encoding="UTF-8"?>
<!-- Generated by org.testng.reporters.JUnitReportReporter -->
<testsuite hostname="DESKTOP-DE517QH" failures="0" tests="1" name="script.ValidLogin" time="10.745" errors="0" timestamp="27 Mar 2024 06:26:01 GMT">
  <testcase classname="script.ValidLogin" name="testValidLogin" time="10.745"/>
</testsuite> <!-- script.ValidLogin -->
