<?xml version="1.0" encoding="UTF-8"?>
<!-- Generated by org.testng.reporters.JUnitReportReporter -->
<testsuite hostname="DESKTOP-DE517QH" failures="0" tests="1" name="script.DemoTest" time="12.635" errors="0" timestamp="25 Mar 2024 06:36:47 GMT">
  <testcase classname="script.DemoTest" name="testValidLogin" time="12.635"/>
</testsuite> <!-- script.DemoTest -->
